<?xml version="1.0" encoding="UTF-8"?>
<testsuite name="CrossbodyBagTest" tests="3" skipped="0" failures="0" errors="0" timestamp="2022-10-09T21:36:26" hostname="Khashayars-MacBook-Air.local" time="0.049">
  <properties/>
  <testcase name="TestToString" classname="CrossbodyBagTest" time="0.046"/>
  <testcase name="TestEnhance" classname="CrossbodyBagTest" time="0.002"/>
  <testcase name="TestGetNumberOfStraps" classname="CrossbodyBagTest" time="0.001"/>
  <system-out><![CDATA[]]></system-out>
  <system-err><![CDATA[]]></system-err>
</testsuite>
